0 info it worked if it ends with ok
1 verbose cli [ '/usr/bin/nodejs', '/usr/bin/npm', 'run', 'execute' ]
2 info using npm@3.10.10
3 info using node@v6.9.3
4 verbose run-script [ 'preexecute', 'execute', 'postexecute' ]
5 info lifecycle Data_Munging_Tool@1.0.0~preexecute: Data_Munging_Tool@1.0.0
6 silly lifecycle Data_Munging_Tool@1.0.0~preexecute: no script for preexecute, continuing
7 info lifecycle Data_Munging_Tool@1.0.0~execute: Data_Munging_Tool@1.0.0
8 verbose lifecycle Data_Munging_Tool@1.0.0~execute: unsafe-perm in lifecycle true
9 verbose lifecycle Data_Munging_Tool@1.0.0~execute: PATH: /usr/lib/node_modules/npm/bin/node-gyp-bin:/vagrant/assignment_JSON/node_modules/.bin:/usr/local/sbin:/usr/local/bin:/usr/sbin:/usr/bin:/sbin:/bin:/usr/games:/usr/local/games:/opt/puppetlabs/bin
10 verbose lifecycle Data_Munging_Tool@1.0.0~execute: CWD: /vagrant/assignment_JSON
11 silly lifecycle Data_Munging_Tool@1.0.0~execute: Args: [ '-c', 'node js/food.js' ]
12 silly lifecycle Data_Munging_Tool@1.0.0~execute: Returned: code: 1  signal: null
13 info lifecycle Data_Munging_Tool@1.0.0~execute: Failed to exec execute script
14 verbose stack Error: Data_Munging_Tool@1.0.0 execute: `node js/food.js`
14 verbose stack Exit status 1
14 verbose stack     at EventEmitter.<anonymous> (/usr/lib/node_modules/npm/lib/utils/lifecycle.js:255:16)
14 verbose stack     at emitTwo (events.js:106:13)
14 verbose stack     at EventEmitter.emit (events.js:191:7)
14 verbose stack     at ChildProcess.<anonymous> (/usr/lib/node_modules/npm/lib/utils/spawn.js:40:14)
14 verbose stack     at emitTwo (events.js:106:13)
14 verbose stack     at ChildProcess.emit (events.js:191:7)
14 verbose stack     at maybeClose (internal/child_process.js:877:16)
14 verbose stack     at Process.ChildProcess._handle.onexit (internal/child_process.js:226:5)
15 verbose pkgid Data_Munging_Tool@1.0.0
16 verbose cwd /vagrant/assignment_JSON
17 error Linux 4.4.0-21-generic
18 error argv "/usr/bin/nodejs" "/usr/bin/npm" "run" "execute"
19 error node v6.9.3
20 error npm  v3.10.10
21 error code ELIFECYCLE
22 error Data_Munging_Tool@1.0.0 execute: `node js/food.js`
22 error Exit status 1
23 error Failed at the Data_Munging_Tool@1.0.0 execute script 'node js/food.js'.
23 error Make sure you have the latest version of node.js and npm installed.
23 error If you do, this is most likely a problem with the Data_Munging_Tool package,
23 error not with npm itself.
23 error Tell the author that this fails on your system:
23 error     node js/food.js
23 error You can get information on how to open an issue for this project with:
23 error     npm bugs Data_Munging_Tool
23 error Or if that isn't available, you can get their info via:
23 error     npm owner ls Data_Munging_Tool
23 error There is likely additional logging output above.
24 verbose exit [ 1, true ]
